[0509/123418:ERROR:process_info.cc(330)] VirtualQueryEx: Acesso negado. (0x5)
[0509/123418:ERROR:process_info.cc(547)] ReadMemoryInfo failed
[0509/123418:ERROR:process_info.cc(608)] range at 0x7ff84f2f5200, size 0x40 fully unreadable
[0509/123418:ERROR:process_reader_win.cc(232)] ReadMemory at 0x1cb0b033820 of 132 bytes failed: Somente uma parte de um pedido ReadProcessMemory ou WriteProcessMemory foi concluída. (0x12B)
[0509/123418:ERROR:process_reader_win.cc(232)] ReadMemory at 0x1cb0b033820 of 132 bytes failed: Somente uma parte de um pedido ReadProcessMemory ou WriteProcessMemory foi concluída. (0x12B)
[0509/123418:ERROR:process_reader_win.cc(232)] ReadMemory at 0x1cb0b0336a0 of 132 bytes failed: Somente uma parte de um pedido ReadProcessMemory ou WriteProcessMemory foi concluída. (0x12B)
[0509/123418:ERROR:process_reader_win.cc(232)] ReadMemory at 0x1cb0b031ac0 of 1004 bytes failed: Somente uma parte de um pedido ReadProcessMemory ou WriteProcessMemory foi concluída. (0x12B)
[0509/123418:ERROR:process_snapshot_win.cc(373)] ReadMemory RTL_USER_PROCESS_PARAMETERS
[0509/123418:ERROR:process_reader_win.cc(141)] SuspendThread: Acesso negado. (0x5)
[0509/123418:ERROR:exception_snapshot_win.cc(57)] thread ID 16460 not found in process
[0509/123418:WARNING:crash_report_exception_handler.cc(60)] ProcessSnapshotWin::InitializeException failed
[0509/123418:ERROR:scoped_process_suspend.cc(38)] NtResumeProcess, ntstatus=-1073741558
[0509/125101:ERROR:process_info.cc(608)] range at 0xb7cf352c00000000, size 0x1ad fully unreadable
[0509/125101:ERROR:process_info.cc(608)] range at 0xb7cf358e00000000, size 0x1ad fully unreadable
[0509/125101:ERROR:process_info.cc(608)] range at 0x0, size 0x1ad fully unreadable
[0509/125101:WARNING:in_range_cast.h(38)] value 1845624934342 out of range
[0509/125101:WARNING:in_range_cast.h(38)] value 1845624931854 out of range
[0509/125101:WARNING:in_range_cast.h(38)] value 1845624934558 out of range
[0509/125101:WARNING:in_range_cast.h(38)] value 1845625247104 out of range
[0509/125107:ERROR:process_info.cc(608)] range at 0x6fcc352c00000000, size 0x1bf fully unreadable
[0509/125107:ERROR:process_info.cc(608)] range at 0x6fcc358e00000000, size 0x1bf fully unreadable
[0509/125107:ERROR:process_info.cc(608)] range at 0x0, size 0x1bf fully unreadable
[0509/125107:WARNING:in_range_cast.h(38)] value 1921726189510 out of range
[0509/125107:WARNING:in_range_cast.h(38)] value 1921726187022 out of range
[0509/125107:WARNING:in_range_cast.h(38)] value 1921726189726 out of range
[0509/125107:WARNING:in_range_cast.h(38)] value 1921726505712 out of range
[0509/125128:ERROR:process_info.cc(608)] range at 0x5b5c352e00000000, size 0x274 fully unreadable
[0509/125128:ERROR:process_info.cc(608)] range at 0x5b5c359000000000, size 0x274 fully unreadable
[0509/125128:ERROR:process_info.cc(608)] range at 0x0, size 0x274 fully unreadable
[0509/125128:WARNING:in_range_cast.h(38)] value 2698772385734 out of range
[0509/125128:WARNING:in_range_cast.h(38)] value 2698772383246 out of range
[0509/125128:WARNING:in_range_cast.h(38)] value 2698772385950 out of range
[0509/125128:WARNING:in_range_cast.h(38)] value 2698772698496 out of range
